<html>
<body>
<pre>
<h1>µVision Build Log</h1>
<h2>Tool Versions:</h2>
IDE-Version: ¦ÌVision V5.14.2
Copyright (C) 2015 ARM Ltd and ARM Germany GmbH. All rights reserved.
License Information: Richard Zhang, abc, LIC=8V0X7-E2PD1-E3KMB-2UJG0-E9BMG-07G7C
 
Tool Versions:
Toolchain:       PK51 Prof. Developers Kit  Version: 9.54
Toolchain Path:  D:\Program Files\Keil_v5\C51\BIN
C Compiler:      C51.exe V9.54
Assembler:       A51.exe V8.02c
Linker/Locator:  BL51.exe V6.22
Library Manager: LIB51.exe V4.30.1.0
Hex Converter:   OH51.exe V2.7.0.0
CPU DLL:         S8051.DLL V3.100.0.0
Dialog DLL:      DP51.DLL V2.62.0.1
    Target DLL: Nuvoton_8051_Keil_uVision_Driver.dll
Dialog DLL:      TP51.DLL V2.58
 
<h2>Project:</h2>
D:\OneDrive\Project\GitHub\DDC-TecHeart-opag2\DDC-Z\DDC-Z.uvproj
Project File Date:  06/04/2017

<h2>Output:</h2>
Rebuild target 'Target 1'
compiling AD.c...
compiling Battery.c...
..\Library\Battery.c(17): error C141: syntax error near '<<'
..\Library\Battery.c(19): error C129: missing ';' before '=='
..\Library\Battery.c(20): warning C317: attempt to redefine macro 'Max_battery'
compiling communication.c...
compiling Delay.c...
compiling operation.c...
..\Library\ElecMotor.h(19): error C141: syntax error near '<<'
..\Library\ElecMotor.h(20): error C129: missing ';' before '=='
compiling Other.c...
compiling pwm.c...
compiling Timer.c...
..\Library\Elecmotor.h(19): error C141: syntax error near '<<'
..\Library\Elecmotor.h(20): error C129: missing ';' before '=='
compiling UART.c...
compiling voice.c...
compiling ISP_DataFlash.c...
compiling ElecMotor.c...
..\Library\ElecMotor.h(19): error C141: syntax error near '<<'
..\Library\ElecMotor.h(20): error C129: missing ';' before '=='
compiling Schedular.c...
compiling Main.c...
..\Library\ElecMotor.h(19): error C141: syntax error near '<<'
..\Library\ElecMotor.h(20): error C129: missing ';' before '=='
Target not created.
</pre>
</body>
</html>
